#
# There is insufficient memory for the Java Runtime Environment to continue.
# Native memory allocation (mmap) failed to map 130023424 bytes for G1 virtual space
# Possible reasons:
#   The system is out of physical RAM or swap space
#   The process is running with CompressedOops enabled, and the Java Heap may be blocking the growth of the native heap
# Possible solutions:
#   Reduce memory load on the system
#   Increase physical memory or swap space
#   Check if swap backing store is full
#   Decrease Java heap size (-Xmx/-Xms)
#   Decrease number of Java threads
#   Decrease Java thread stack sizes (-Xss)
#   Set larger code cache with -XX:ReservedCodeCacheSize=
#   JVM is running with Unscaled Compressed Oops mode in which the Java heap is
#     placed in the first 4GB address space. The Java Heap base address is the
#     maximum limit for the native heap growth. Please use -XX:HeapBaseMinAddress
#     to set the Java Heap base and to place the Java Heap above 4GB virtual address.
# This output file may be truncated or incomplete.
#
#  Out of Memory Error (os_windows.cpp:3541), pid=8184, tid=15076
#
# JRE version:  (17.0.4+8) (build )
# Java VM: OpenJDK 64-Bit Server VM (17.0.4+8, mixed mode, sharing, tiered, compressed oops, compressed class ptrs, g1 gc, windows-amd64)
# No core dump will be written. Minidumps are not enabled by default on client versions of Windows
#

---------------  S U M M A R Y ------------

Command Line: -Dfile.encoding=UTF-8 -XX:+ShowCodeDetailsInExceptionMessages br.com.comex.main.MainLeitorPedidosCsv

Host: 11th Gen Intel(R) Core(TM) i5-1135G7 @ 2.40GHz, 8 cores, 7G,  Windows 11 , 64 bit Build 22000 (10.0.22000.708)
Time: Thu Oct  6 11:53:49 2022 Hora oficial do Brasil elapsed time: 0.172510 seconds (0d 0h 0m 0s)

---------------  T H R E A D  ---------------

Current thread (0x00000244bc62c170):  JavaThread "Unknown thread" [_thread_in_vm, id=15076, stack(0x000000dd60c00000,0x000000dd60d00000)]

Stack: [0x000000dd60c00000,0x000000dd60d00000]
Native frames: (J=compiled Java code, j=interpreted, Vv=VM code, C=native code)
V  [jvm.dll+0x67733a]
V  [jvm.dll+0x8323c4]
V  [jvm.dll+0x833b6e]
V  [jvm.dll+0x8341d3]
V  [jvm.dll+0x2455e5]
V  [jvm.dll+0x674229]
V  [jvm.dll+0x668ab2]
V  [jvm.dll+0x30458b]
V  [jvm.dll+0x30bad6]
V  [jvm.dll+0x35ba7e]
V  [jvm.dll+0x35bcaf]
V  [jvm.dll+0x2db428]
V  [jvm.dll+0x2dc394]
V  [jvm.dll+0x803ef1]
V  [jvm.dll+0x3698d1]
V  [jvm.dll+0x7e320c]
V  [jvm.dll+0x3ec23f]
V  [jvm.dll+0x3eddc1]
C  [jli.dll+0x5277]
C  [ucrtbase.dll+0x26c0c]
C  [KERNEL32.DLL+0x154e0]
C  [ntdll.dll+0x485b]


---------------  P R O C E S S  ---------------

Threads class SMR info:
_java_thread_list=0x00007ffeef274e98, length=0, elements={
}

Java Threads: ( => current thread )

Other Threads:
  0x00000244bc686f10 GCTaskThread "GC Thread#0" [stack: 0x0000000000000000,0x0000000000000000] [id=12212]
  0x00000244bc697610 ConcurrentGCThread "G1 Main Marker" [stack: 0x0000000000000000,0x0000000000000000] [id=9684]
  0x00000244bc698020 ConcurrentGCThread "G1 Conc#0" [stack: 0x000000dd60f00000,0x000000dd61000000] [id=11268]

[error occurred during error reporting (printing all threads), id 0xc0000005, EXCEPTION_ACCESS_VIOLATION (0xc0000005) at pc=0x00007ffeeea4beb7]

VM state: not at safepoint (not fully initialized)

VM Mutex/Monitor currently owned by a thread:  ([mutex/lock_event])
[0x00000244bc628770] Heap_lock - owner thread: 0x00000244bc62c170

Heap address: 0x0000000084200000, size: 1982 MB, Compressed Oops mode: 32-bit

CDS archive(s) mapped at: [0x0000000000000000-0x0000000000000000-0x0000000000000000), size 0, SharedBaseAddress: 0x0000000800000000, ArchiveRelocationMode: 0.
Narrow klass base: 0x0000000000000000, Narrow klass shift: 0, Narrow klass range: 0x0

GC Precious Log:
<Empty>

Heap:
 garbage-first heap   total 0K, used 0K [0x0000000084200000, 0x0000000100000000)
  region size 1024K, 0 young (0K), 0 survivors (0K)

[error occurred during error reporting (printing heap information), id 0xc0000005, EXCEPTION_ACCESS_VIOLATION (0xc0000005) at pc=0x00007ffeeee306b9]

GC Heap History (0 events):
No events

Deoptimization events (0 events):
No events

Classes unloaded (0 events):
No events

Classes redefined (0 events):
No events

Internal exceptions (0 events):
No events

VM Operations (0 events):
No events

Events (1 events):
Event: 0.137 Loaded shared library C:\Users\gabriel.nitta\.p2\pool\plugins\org.eclipse.justj.openjdk.hotspot.jre.full.win32.x86_64_17.0.4.v20220805-1047\jre\bin\java.dll


Dynamic libraries:
0x00007ff6ee8d0000 - 0x00007ff6ee8de000 	C:\Users\gabriel.nitta\.p2\pool\plugins\org.eclipse.justj.openjdk.hotspot.jre.full.win32.x86_64_17.0.4.v20220805-1047\jre\bin\javaw.exe
0x00007fffa2ca0000 - 0x00007fffa2ea9000 	C:\Windows\SYSTEM32\ntdll.dll
0x00007fffa1730000 - 0x00007fffa17ed000 	C:\Windows\System32\KERNEL32.DLL
0x00007fffa0430000 - 0x00007fffa07ac000 	C:\Windows\System32\KERNELBASE.dll
0x00007fffa0a10000 - 0x00007fffa0b21000 	C:\Windows\System32\ucrtbase.dll
0x00007fff7f430000 - 0x00007fff7f448000 	C:\Users\gabriel.nitta\.p2\pool\plugins\org.eclipse.justj.openjdk.hotspot.jre.full.win32.x86_64_17.0.4.v20220805-1047\jre\bin\jli.dll
0x00007fffa2560000 - 0x00007fffa270d000 	C:\Windows\System32\USER32.dll
0x00007fffa0180000 - 0x00007fffa01a6000 	C:\Windows\System32\win32u.dll
0x00007fffa0c20000 - 0x00007fffa0c49000 	C:\Windows\System32\GDI32.dll
0x00007fffa0270000 - 0x00007fffa0389000 	C:\Windows\System32\gdi32full.dll
0x00007fffa0390000 - 0x00007fffa042d000 	C:\Windows\System32\msvcp_win.dll
0x00007fff784a0000 - 0x00007fff784b9000 	C:\Users\gabriel.nitta\.p2\pool\plugins\org.eclipse.justj.openjdk.hotspot.jre.full.win32.x86_64_17.0.4.v20220805-1047\jre\bin\VCRUNTIME140.dll
0x00007fff8ca40000 - 0x00007fff8cce5000 	C:\Windows\WinSxS\amd64_microsoft.windows.common-controls_6595b64144ccf1df_6.0.22000.120_none_9d947278b86cc467\COMCTL32.dll
0x00007fffa2480000 - 0x00007fffa2523000 	C:\Windows\System32\msvcrt.dll
0x00007fffa2440000 - 0x00007fffa2471000 	C:\Windows\System32\IMM32.DLL
0x00007fff86b00000 - 0x00007fff86b0c000 	C:\Users\gabriel.nitta\.p2\pool\plugins\org.eclipse.justj.openjdk.hotspot.jre.full.win32.x86_64_17.0.4.v20220805-1047\jre\bin\vcruntime140_1.dll
0x00007fff58920000 - 0x00007fff589b1000 	C:\Users\gabriel.nitta\.p2\pool\plugins\org.eclipse.justj.openjdk.hotspot.jre.full.win32.x86_64_17.0.4.v20220805-1047\jre\bin\msvcp140.dll
0x00007ffeee760000 - 0x00007ffeef3a6000 	C:\Users\gabriel.nitta\.p2\pool\plugins\org.eclipse.justj.openjdk.hotspot.jre.full.win32.x86_64_17.0.4.v20220805-1047\jre\bin\server\jvm.dll
0x00007fffa2150000 - 0x00007fffa21fe000 	C:\Windows\System32\ADVAPI32.dll
0x00007fffa2200000 - 0x00007fffa229e000 	C:\Windows\System32\sechost.dll
0x00007fffa12a0000 - 0x00007fffa13c0000 	C:\Windows\System32\RPCRT4.dll
0x00007fffa1420000 - 0x00007fffa1428000 	C:\Windows\System32\PSAPI.DLL
0x00007fff738b0000 - 0x00007fff738b9000 	C:\Windows\SYSTEM32\WSOCK32.dll
0x00007fffa22b0000 - 0x00007fffa231f000 	C:\Windows\System32\WS2_32.dll
0x00007fff94450000 - 0x00007fff9445a000 	C:\Windows\SYSTEM32\VERSION.dll
0x00007fff9ddb0000 - 0x00007fff9dde3000 	C:\Windows\SYSTEM32\WINMM.dll
0x00007fff9f360000 - 0x00007fff9f378000 	C:\Windows\SYSTEM32\kernel.appcore.dll
0x00007fff78d50000 - 0x00007fff78d5a000 	C:\Users\gabriel.nitta\.p2\pool\plugins\org.eclipse.justj.openjdk.hotspot.jre.full.win32.x86_64_17.0.4.v20220805-1047\jre\bin\jimage.dll
0x00007fff9db50000 - 0x00007fff9dd71000 	C:\Windows\SYSTEM32\DBGHELP.DLL
0x00007fff9db10000 - 0x00007fff9db41000 	C:\Windows\SYSTEM32\dbgcore.DLL
0x00007fffa0990000 - 0x00007fffa0a0f000 	C:\Windows\System32\bcryptPrimitives.dll
0x00007fff787d0000 - 0x00007fff787f5000 	C:\Users\gabriel.nitta\.p2\pool\plugins\org.eclipse.justj.openjdk.hotspot.jre.full.win32.x86_64_17.0.4.v20220805-1047\jre\bin\java.dll

dbghelp: loaded successfully - version: 4.0.5 - missing functions: none
symbol engine: initialized successfully - sym options: 0x614 - pdb path: .;C:\Users\gabriel.nitta\.p2\pool\plugins\org.eclipse.justj.openjdk.hotspot.jre.full.win32.x86_64_17.0.4.v20220805-1047\jre\bin;C:\Windows\SYSTEM32;C:\Windows\WinSxS\amd64_microsoft.windows.common-controls_6595b64144ccf1df_6.0.22000.120_none_9d947278b86cc467;C:\Users\gabriel.nitta\.p2\pool\plugins\org.eclipse.justj.openjdk.hotspot.jre.full.win32.x86_64_17.0.4.v20220805-1047\jre\bin\server

VM Arguments:
jvm_args: -Dfile.encoding=UTF-8 -XX:+ShowCodeDetailsInExceptionMessages 
java_command: br.com.comex.main.MainLeitorPedidosCsv
java_class_path (initial): C:\Users\gabriel.nitta\Desktop\Comex\Java\Comex\bin
Launcher Type: SUN_STANDARD

[Global flags]
     intx CICompilerCount                          = 4                                         {product} {ergonomic}
     uint ConcGCThreads                            = 2                                         {product} {ergonomic}
     uint G1ConcRefinementThreads                  = 8                                         {product} {ergonomic}
   size_t G1HeapRegionSize                         = 1048576                                   {product} {ergonomic}
    uintx GCDrainStackTargetSize                   = 64                                        {product} {ergonomic}
   size_t InitialHeapSize                          = 130023424                                 {product} {ergonomic}
   size_t MarkStackSize                            = 4194304                                   {product} {ergonomic}
   size_t MaxHeapSize                              = 2078277632                                {product} {ergonomic}
   size_t MinHeapDeltaBytes                        = 1048576                                   {product} {ergonomic}
   size_t MinHeapSize                              = 8388608                                   {product} {ergonomic}
    uintx NonNMethodCodeHeapSize                   = 5839372                                {pd product} {ergonomic}
    uintx NonProfiledCodeHeapSize                  = 122909434                              {pd product} {ergonomic}
    uintx ProfiledCodeHeapSize                     = 122909434                              {pd product} {ergonomic}
    uintx ReservedCodeCacheSize                    = 251658240                              {pd product} {ergonomic}
     bool SegmentedCodeCache                       = true                                      {product} {ergonomic}
     bool ShowCodeDetailsInExceptionMessages       = true                                   {manageable} {command line}
   size_t SoftMaxHeapSize                          = 2078277632                             {manageable} {ergonomic}
     bool UseCompressedClassPointers               = true                           {product lp64_product} {ergonomic}
     bool UseCompressedOops                        = true                           {product lp64_product} {ergonomic}
     bool UseG1GC                                  = true                                      {product} {ergonomic}
     bool UseLargePagesIndividualAllocation        = false                                  {pd product} {ergonomic}

Logging:
Log output configuration:
 #0: stdout all=warning uptime,level,tags
 #1: stderr all=off uptime,level,tags

Environment Variables:
PATH=C:/Users/gabriel.nitta/.p2/pool/plugins/org.eclipse.justj.openjdk.hotspot.jre.full.win32.x86_64_17.0.4.v20220805-1047/jre/bin/server;C:/Users/gabriel.nitta/.p2/pool/plugins/org.eclipse.justj.openjdk.hotspot.jre.full.win32.x86_64_17.0.4.v20220805-1047/jre/bin;C:\app\gabriel.nitta\product\21c\dbhomeXE\bin;C:\Program Files\Common Files\Oracle\Java\javapath;C:\App\Oracle\Client19c\bin;C:\Program Files (x86)\VMware\VMware Player\bin\;C:\Program Files (x86)\Common Files\Oracle\Java\javapath;C:\Windows\system32;C:\Windows;C:\Windows\System32\Wbem;C:\Windows\System32\WindowsPowerShell\v1.0\;C:\Windows\System32\OpenSSH\;C:\Program Files\dotnet\;C:\Program Files\Git\cmd;C:\Users\gabriel.nitta\AppData\Local\Microsoft\WindowsApps;;D:\Microsoft VS Code\bin;C:\Windows\system32;
USERNAME=gabriel.nitta
OS=Windows_NT
PROCESSOR_IDENTIFIER=Intel64 Family 6 Model 140 Stepping 1, GenuineIntel
TMP=C:\Users\GABRIE~1.NIT\AppData\Local\Temp
TEMP=C:\Users\GABRIE~1.NIT\AppData\Local\Temp



---------------  S Y S T E M  ---------------

OS:
 Windows 11 , 64 bit Build 22000 (10.0.22000.708)
OS uptime: 2 days 2:08 hours

CPU: total 8 (initial active 8) (4 cores per cpu, 2 threads per core) family 6 model 140 stepping 1 microcode 0xa4, cx8, cmov, fxsr, ht, mmx, 3dnowpref, sse, sse2, sse3, ssse3, sse4.1, sse4.2, popcnt, lzcnt, tsc, tscinvbit, avx, avx2, aes, erms, clmul, bmi1, bmi2, adx, avx512f, avx512dq, avx512cd, avx512bw, avx512vl, sha, fma, vzeroupper, avx512_vpopcntdq, avx512_vpclmulqdq, avx512_vaes, avx512_vnni, clflush, clflushopt, clwb, avx512_vbmi2, avx512_vbmi

Memory: 4k page, system-wide physical 7926M (57M free)
TotalPageFile size 20363M (AvailPageFile size 21M)
current process WorkingSet (physical memory assigned to process): 10M, peak: 10M
current process commit charge ("private bytes"): 60M, peak: 183M

vm_info: OpenJDK 64-Bit Server VM (17.0.4+8) for windows-amd64 JRE (17.0.4+8), built on Jul 19 2022 16:05:16 by "temurin" with MS VC++ 16.7 (VS2019)

END.
